[0.172s] DEBUG:colcon:Command line arguments: ['/usr/bin/colcon', 'build', '--cmake-args', '-DROS_EDITION=ROS2', '-DHUMBLE_ROS=humble']
[0.172s] DEBUG:colcon:Parsed command line arguments: Namespace(log_base=None, log_level=None, verb_name='build', build_base='build', install_base='install', merge_install=False, symlink_install=False, test_result_base=None, continue_on_error=False, executor='parallel', parallel_workers=8, event_handlers=None, ignore_user_meta=False, metas=['./colcon.meta'], base_paths=['.'], packages_ignore=None, packages_ignore_regex=None, paths=None, packages_up_to=None, packages_up_to_regex=None, packages_above=None, packages_above_and_dependencies=None, packages_above_depth=None, packages_select_by_dep=None, packages_skip_by_dep=None, packages_skip_up_to=None, packages_select_build_failed=False, packages_skip_build_finished=False, packages_select_test_failures=False, packages_skip_test_passed=False, packages_select=None, packages_skip=None, packages_select_regex=None, packages_skip_regex=None, packages_start=None, packages_end=None, allow_overriding=[], cmake_args=['-DROS_EDITION=ROS2', '-DHUMBLE_ROS=humble'], cmake_target=None, cmake_target_skip_unavailable=False, cmake_clean_cache=False, cmake_clean_first=False, cmake_force_configure=False, ament_cmake_args=None, catkin_cmake_args=None, catkin_skip_building_tests=False, mixin_files=None, mixin=None, verb_parser=<colcon_mixin.mixin.mixin_argument.MixinArgumentDecorator object at 0x725689451240>, verb_extension=<colcon_core.verb.build.BuildVerb object at 0x725689552110>, main=<bound method BuildVerb.main of <colcon_core.verb.build.BuildVerb object at 0x725689552110>>, mixin_verb=('build',))
[0.377s] Level 1:colcon.colcon_core.package_discovery:discover_packages(colcon_meta) check parameters
[0.377s] Level 1:colcon.colcon_core.package_discovery:discover_packages(recursive) check parameters
[0.377s] Level 1:colcon.colcon_core.package_discovery:discover_packages(ignore) check parameters
[0.377s] Level 1:colcon.colcon_core.package_discovery:discover_packages(path) check parameters
[0.377s] Level 1:colcon.colcon_core.package_discovery:discover_packages(colcon_meta) discover
[0.377s] Level 1:colcon.colcon_core.package_discovery:discover_packages(recursive) discover
[0.377s] INFO:colcon.colcon_core.package_discovery:Crawling recursively for packages in '/home/kim/slam_ws/src/ws_livox'
[0.377s] Level 1:colcon.colcon_core.package_identification:_identify(.) by extensions ['ignore', 'ignore_ament_install']
[0.378s] Level 1:colcon.colcon_core.package_identification:_identify(.) by extension 'ignore'
[0.378s] Level 1:colcon.colcon_core.package_identification:_identify(.) by extension 'ignore_ament_install'
[0.378s] Level 1:colcon.colcon_core.package_identification:_identify(.) by extensions ['colcon_pkg']
[0.378s] Level 1:colcon.colcon_core.package_identification:_identify(.) by extension 'colcon_pkg'
[0.378s] Level 1:colcon.colcon_core.package_identification:_identify(.) by extensions ['colcon_meta']
[0.378s] Level 1:colcon.colcon_core.package_identification:_identify(.) by extension 'colcon_meta'
[0.378s] Level 1:colcon.colcon_core.package_identification:_identify(.) by extensions ['ros']
[0.378s] Level 1:colcon.colcon_core.package_identification:_identify(.) by extension 'ros'
[0.388s] Level 1:colcon.colcon_core.package_identification:_identify(.) by extensions ['cmake', 'python']
[0.388s] Level 1:colcon.colcon_core.package_identification:_identify(.) by extension 'cmake'
[0.388s] Level 1:colcon.colcon_core.package_identification:_identify(.) by extension 'python'
[0.388s] Level 1:colcon.colcon_core.package_identification:_identify(.) by extensions ['python_setup_py']
[0.388s] Level 1:colcon.colcon_core.package_identification:_identify(.) by extension 'python_setup_py'
[0.389s] Level 1:colcon.colcon_core.package_identification:_identify(build) by extensions ['ignore', 'ignore_ament_install']
[0.389s] Level 1:colcon.colcon_core.package_identification:_identify(build) by extension 'ignore'
[0.389s] Level 1:colcon.colcon_core.package_identification:_identify(build) ignored
[0.389s] Level 1:colcon.colcon_core.package_identification:_identify(install) by extensions ['ignore', 'ignore_ament_install']
[0.389s] Level 1:colcon.colcon_core.package_identification:_identify(install) by extension 'ignore'
[0.389s] Level 1:colcon.colcon_core.package_identification:_identify(install) ignored
[0.389s] Level 1:colcon.colcon_core.package_identification:_identify(log) by extensions ['ignore', 'ignore_ament_install']
[0.389s] Level 1:colcon.colcon_core.package_identification:_identify(log) by extension 'ignore'
[0.389s] Level 1:colcon.colcon_core.package_identification:_identify(log) ignored
[0.389s] Level 1:colcon.colcon_core.package_identification:_identify(src) by extensions ['ignore', 'ignore_ament_install']
[0.389s] Level 1:colcon.colcon_core.package_identification:_identify(src) by extension 'ignore'
[0.389s] Level 1:colcon.colcon_core.package_identification:_identify(src) by extension 'ignore_ament_install'
[0.389s] Level 1:colcon.colcon_core.package_identification:_identify(src) by extensions ['colcon_pkg']
[0.389s] Level 1:colcon.colcon_core.package_identification:_identify(src) by extension 'colcon_pkg'
[0.389s] Level 1:colcon.colcon_core.package_identification:_identify(src) by extensions ['colcon_meta']
[0.389s] Level 1:colcon.colcon_core.package_identification:_identify(src) by extension 'colcon_meta'
[0.390s] Level 1:colcon.colcon_core.package_identification:_identify(src) by extensions ['ros']
[0.390s] Level 1:colcon.colcon_core.package_identification:_identify(src) by extension 'ros'
[0.390s] Level 1:colcon.colcon_core.package_identification:_identify(src) by extensions ['cmake', 'python']
[0.390s] Level 1:colcon.colcon_core.package_identification:_identify(src) by extension 'cmake'
[0.390s] Level 1:colcon.colcon_core.package_identification:_identify(src) by extension 'python'
[0.390s] Level 1:colcon.colcon_core.package_identification:_identify(src) by extensions ['python_setup_py']
[0.390s] Level 1:colcon.colcon_core.package_identification:_identify(src) by extension 'python_setup_py'
[0.390s] Level 1:colcon.colcon_core.package_identification:_identify(src/livox_ros_driver2) by extensions ['ignore', 'ignore_ament_install']
[0.390s] Level 1:colcon.colcon_core.package_identification:_identify(src/livox_ros_driver2) by extension 'ignore'
[0.390s] Level 1:colcon.colcon_core.package_identification:_identify(src/livox_ros_driver2) by extension 'ignore_ament_install'
[0.390s] Level 1:colcon.colcon_core.package_identification:_identify(src/livox_ros_driver2) by extensions ['colcon_pkg']
[0.390s] Level 1:colcon.colcon_core.package_identification:_identify(src/livox_ros_driver2) by extension 'colcon_pkg'
[0.390s] Level 1:colcon.colcon_core.package_identification:_identify(src/livox_ros_driver2) by extensions ['colcon_meta']
[0.390s] Level 1:colcon.colcon_core.package_identification:_identify(src/livox_ros_driver2) by extension 'colcon_meta'
[0.390s] Level 1:colcon.colcon_core.package_identification:_identify(src/livox_ros_driver2) by extensions ['ros']
[0.390s] Level 1:colcon.colcon_core.package_identification:_identify(src/livox_ros_driver2) by extension 'ros'
[0.393s] DEBUG:colcon.colcon_core.package_identification:Package 'src/livox_ros_driver2' with type 'ros.ament_cmake' and name 'livox_ros_driver2'
[0.393s] Level 1:colcon.colcon_core.package_discovery:discover_packages(recursive) using defaults
[0.393s] Level 1:colcon.colcon_core.package_discovery:discover_packages(ignore) discover
[0.393s] Level 1:colcon.colcon_core.package_discovery:discover_packages(ignore) using defaults
[0.393s] Level 1:colcon.colcon_core.package_discovery:discover_packages(path) discover
[0.393s] Level 1:colcon.colcon_core.package_discovery:discover_packages(path) using defaults
[0.427s] Level 1:colcon.colcon_core.package_discovery:discover_packages(prefix_path) check parameters
[0.427s] Level 1:colcon.colcon_core.package_discovery:discover_packages(prefix_path) discover
[0.430s] DEBUG:colcon.colcon_installed_package_information.package_discovery:Found 271 installed packages in /opt/ros/humble
[0.431s] Level 1:colcon.colcon_core.package_discovery:discover_packages(prefix_path) using defaults
[0.466s] Level 5:colcon.colcon_core.verb:set package 'livox_ros_driver2' build argument 'cmake_args' from command line to '['-DROS_EDITION=ROS2', '-DHUMBLE_ROS=humble']'
[0.466s] Level 5:colcon.colcon_core.verb:set package 'livox_ros_driver2' build argument 'cmake_target' from command line to 'None'
[0.466s] Level 5:colcon.colcon_core.verb:set package 'livox_ros_driver2' build argument 'cmake_target_skip_unavailable' from command line to 'False'
[0.466s] Level 5:colcon.colcon_core.verb:set package 'livox_ros_driver2' build argument 'cmake_clean_cache' from command line to 'False'
[0.466s] Level 5:colcon.colcon_core.verb:set package 'livox_ros_driver2' build argument 'cmake_clean_first' from command line to 'False'
[0.466s] Level 5:colcon.colcon_core.verb:set package 'livox_ros_driver2' build argument 'cmake_force_configure' from command line to 'False'
[0.466s] Level 5:colcon.colcon_core.verb:set package 'livox_ros_driver2' build argument 'ament_cmake_args' from command line to 'None'
[0.466s] Level 5:colcon.colcon_core.verb:set package 'livox_ros_driver2' build argument 'catkin_cmake_args' from command line to 'None'
[0.466s] Level 5:colcon.colcon_core.verb:set package 'livox_ros_driver2' build argument 'catkin_skip_building_tests' from command line to 'False'
[0.466s] DEBUG:colcon.colcon_core.verb:Building package 'livox_ros_driver2' with the following arguments: {'ament_cmake_args': None, 'build_base': '/home/kim/slam_ws/src/ws_livox/build/livox_ros_driver2', 'catkin_cmake_args': None, 'catkin_skip_building_tests': False, 'cmake_args': ['-DROS_EDITION=ROS2', '-DHUMBLE_ROS=humble'], 'cmake_clean_cache': False, 'cmake_clean_first': False, 'cmake_force_configure': False, 'cmake_target': None, 'cmake_target_skip_unavailable': False, 'install_base': '/home/kim/slam_ws/src/ws_livox/install/livox_ros_driver2', 'merge_install': False, 'path': '/home/kim/slam_ws/src/ws_livox/src/livox_ros_driver2', 'symlink_install': False, 'test_result_base': None}
[0.466s] INFO:colcon.colcon_core.executor:Executing jobs using 'parallel' executor
[0.467s] DEBUG:colcon.colcon_parallel_executor.executor.parallel:run_until_complete
[0.467s] INFO:colcon.colcon_ros.task.ament_cmake.build:Building ROS package in '/home/kim/slam_ws/src/ws_livox/src/livox_ros_driver2' with build type 'ament_cmake'
[0.467s] INFO:colcon.colcon_cmake.task.cmake.build:Building CMake package in '/home/kim/slam_ws/src/ws_livox/src/livox_ros_driver2'
[0.471s] INFO:colcon.colcon_core.plugin_system:Skipping extension 'colcon_core.shell.bat': Not used on non-Windows systems
[0.471s] INFO:colcon.colcon_core.shell:Skip shell extension 'powershell' for command environment: Not usable outside of PowerShell
[0.471s] DEBUG:colcon.colcon_core.shell:Skip shell extension 'dsv' for command environment
[0.477s] DEBUG:colcon.colcon_core.event_handler.log_command:Invoking command in '/home/kim/slam_ws/src/ws_livox/build/livox_ros_driver2': CMAKE_PREFIX_PATH=/opt/ros/humble /usr/bin/cmake /home/kim/slam_ws/src/ws_livox/src/livox_ros_driver2 -DROS_EDITION=ROS2 -DHUMBLE_ROS=humble -DCMAKE_INSTALL_PREFIX=/home/kim/slam_ws/src/ws_livox/install/livox_ros_driver2
[4.614s] DEBUG:colcon.colcon_core.event_handler.log_command:Invoked command in '/home/kim/slam_ws/src/ws_livox/build/livox_ros_driver2' returned '0': CMAKE_PREFIX_PATH=/opt/ros/humble /usr/bin/cmake /home/kim/slam_ws/src/ws_livox/src/livox_ros_driver2 -DROS_EDITION=ROS2 -DHUMBLE_ROS=humble -DCMAKE_INSTALL_PREFIX=/home/kim/slam_ws/src/ws_livox/install/livox_ros_driver2
[4.616s] DEBUG:colcon.colcon_core.event_handler.log_command:Invoking command in '/home/kim/slam_ws/src/ws_livox/build/livox_ros_driver2': CMAKE_PREFIX_PATH=/opt/ros/humble /usr/bin/cmake --build /home/kim/slam_ws/src/ws_livox/build/livox_ros_driver2 -- -j8 -l8
[17.060s] DEBUG:colcon.colcon_core.event_handler.log_command:Invoked command in '/home/kim/slam_ws/src/ws_livox/build/livox_ros_driver2' returned '0': CMAKE_PREFIX_PATH=/opt/ros/humble /usr/bin/cmake --build /home/kim/slam_ws/src/ws_livox/build/livox_ros_driver2 -- -j8 -l8
[17.070s] DEBUG:colcon.colcon_core.event_handler.log_command:Invoking command in '/home/kim/slam_ws/src/ws_livox/build/livox_ros_driver2': CMAKE_PREFIX_PATH=/opt/ros/humble /usr/bin/cmake --install /home/kim/slam_ws/src/ws_livox/build/livox_ros_driver2
[17.148s] Level 1:colcon.colcon_core.environment:create_environment_scripts_only(livox_ros_driver2)
[17.148s] DEBUG:colcon.colcon_core.event_handler.log_command:Invoked command in '/home/kim/slam_ws/src/ws_livox/build/livox_ros_driver2' returned '0': CMAKE_PREFIX_PATH=/opt/ros/humble /usr/bin/cmake --install /home/kim/slam_ws/src/ws_livox/build/livox_ros_driver2
[17.153s] Level 1:colcon.colcon_core.environment:checking '/home/kim/slam_ws/src/ws_livox/install/livox_ros_driver2' for CMake module files
[17.154s] Level 1:colcon.colcon_core.environment:checking '/home/kim/slam_ws/src/ws_livox/install/livox_ros_driver2' for CMake config files
[17.154s] Level 1:colcon.colcon_core.shell:create_environment_hook('livox_ros_driver2', 'cmake_prefix_path')
[17.154s] INFO:colcon.colcon_core.shell:Creating environment hook '/home/kim/slam_ws/src/ws_livox/install/livox_ros_driver2/share/livox_ros_driver2/hook/cmake_prefix_path.ps1'
[17.155s] INFO:colcon.colcon_core.shell:Creating environment descriptor '/home/kim/slam_ws/src/ws_livox/install/livox_ros_driver2/share/livox_ros_driver2/hook/cmake_prefix_path.dsv'
[17.155s] INFO:colcon.colcon_core.shell:Creating environment hook '/home/kim/slam_ws/src/ws_livox/install/livox_ros_driver2/share/livox_ros_driver2/hook/cmake_prefix_path.sh'
[17.156s] Level 1:colcon.colcon_core.environment:checking '/home/kim/slam_ws/src/ws_livox/install/livox_ros_driver2/lib'
[17.156s] Level 1:colcon.colcon_core.shell:create_environment_hook('livox_ros_driver2', 'ld_library_path_lib')
[17.157s] INFO:colcon.colcon_core.shell:Creating environment hook '/home/kim/slam_ws/src/ws_livox/install/livox_ros_driver2/share/livox_ros_driver2/hook/ld_library_path_lib.ps1'
[17.157s] INFO:colcon.colcon_core.shell:Creating environment descriptor '/home/kim/slam_ws/src/ws_livox/install/livox_ros_driver2/share/livox_ros_driver2/hook/ld_library_path_lib.dsv'
[17.157s] INFO:colcon.colcon_core.shell:Creating environment hook '/home/kim/slam_ws/src/ws_livox/install/livox_ros_driver2/share/livox_ros_driver2/hook/ld_library_path_lib.sh'
[17.158s] Level 1:colcon.colcon_core.environment:checking '/home/kim/slam_ws/src/ws_livox/install/livox_ros_driver2/bin'
[17.158s] Level 1:colcon.colcon_core.environment:checking '/home/kim/slam_ws/src/ws_livox/install/livox_ros_driver2/lib/pkgconfig/livox_ros_driver2.pc'
[17.158s] Level 1:colcon.colcon_core.environment:checking '/home/kim/slam_ws/src/ws_livox/install/livox_ros_driver2/lib/python3.10/site-packages'
[17.158s] Level 1:colcon.colcon_core.environment:checking '/home/kim/slam_ws/src/ws_livox/install/livox_ros_driver2/bin'
[17.158s] INFO:colcon.colcon_core.shell:Creating package script '/home/kim/slam_ws/src/ws_livox/install/livox_ros_driver2/share/livox_ros_driver2/package.ps1'
[17.159s] INFO:colcon.colcon_core.shell:Creating package descriptor '/home/kim/slam_ws/src/ws_livox/install/livox_ros_driver2/share/livox_ros_driver2/package.dsv'
[17.160s] INFO:colcon.colcon_core.shell:Creating package script '/home/kim/slam_ws/src/ws_livox/install/livox_ros_driver2/share/livox_ros_driver2/package.sh'
[17.161s] INFO:colcon.colcon_core.shell:Creating package script '/home/kim/slam_ws/src/ws_livox/install/livox_ros_driver2/share/livox_ros_driver2/package.bash'
[17.162s] INFO:colcon.colcon_core.shell:Creating package script '/home/kim/slam_ws/src/ws_livox/install/livox_ros_driver2/share/livox_ros_driver2/package.zsh'
[17.163s] Level 1:colcon.colcon_core.environment:create_file_with_runtime_dependencies(/home/kim/slam_ws/src/ws_livox/install/livox_ros_driver2/share/colcon-core/packages/livox_ros_driver2)
[17.163s] Level 1:colcon.colcon_core.environment:create_environment_scripts_only(livox_ros_driver2)
[17.163s] Level 1:colcon.colcon_core.environment:checking '/home/kim/slam_ws/src/ws_livox/install/livox_ros_driver2' for CMake module files
[17.164s] Level 1:colcon.colcon_core.environment:checking '/home/kim/slam_ws/src/ws_livox/install/livox_ros_driver2' for CMake config files
[17.164s] Level 1:colcon.colcon_core.shell:create_environment_hook('livox_ros_driver2', 'cmake_prefix_path')
[17.164s] INFO:colcon.colcon_core.shell:Creating environment hook '/home/kim/slam_ws/src/ws_livox/install/livox_ros_driver2/share/livox_ros_driver2/hook/cmake_prefix_path.ps1'
[17.165s] INFO:colcon.colcon_core.shell:Creating environment descriptor '/home/kim/slam_ws/src/ws_livox/install/livox_ros_driver2/share/livox_ros_driver2/hook/cmake_prefix_path.dsv'
[17.165s] INFO:colcon.colcon_core.shell:Creating environment hook '/home/kim/slam_ws/src/ws_livox/install/livox_ros_driver2/share/livox_ros_driver2/hook/cmake_prefix_path.sh'
[17.166s] Level 1:colcon.colcon_core.environment:checking '/home/kim/slam_ws/src/ws_livox/install/livox_ros_driver2/lib'
[17.166s] Level 1:colcon.colcon_core.shell:create_environment_hook('livox_ros_driver2', 'ld_library_path_lib')
[17.166s] INFO:colcon.colcon_core.shell:Creating environment hook '/home/kim/slam_ws/src/ws_livox/install/livox_ros_driver2/share/livox_ros_driver2/hook/ld_library_path_lib.ps1'
[17.166s] INFO:colcon.colcon_core.shell:Creating environment descriptor '/home/kim/slam_ws/src/ws_livox/install/livox_ros_driver2/share/livox_ros_driver2/hook/ld_library_path_lib.dsv'
[17.167s] INFO:colcon.colcon_core.shell:Creating environment hook '/home/kim/slam_ws/src/ws_livox/install/livox_ros_driver2/share/livox_ros_driver2/hook/ld_library_path_lib.sh'
[17.167s] Level 1:colcon.colcon_core.environment:checking '/home/kim/slam_ws/src/ws_livox/install/livox_ros_driver2/bin'
[17.167s] Level 1:colcon.colcon_core.environment:checking '/home/kim/slam_ws/src/ws_livox/install/livox_ros_driver2/lib/pkgconfig/livox_ros_driver2.pc'
[17.167s] Level 1:colcon.colcon_core.environment:checking '/home/kim/slam_ws/src/ws_livox/install/livox_ros_driver2/lib/python3.10/site-packages'
[17.167s] Level 1:colcon.colcon_core.environment:checking '/home/kim/slam_ws/src/ws_livox/install/livox_ros_driver2/bin'
[17.168s] INFO:colcon.colcon_core.shell:Creating package script '/home/kim/slam_ws/src/ws_livox/install/livox_ros_driver2/share/livox_ros_driver2/package.ps1'
[17.168s] INFO:colcon.colcon_core.shell:Creating package descriptor '/home/kim/slam_ws/src/ws_livox/install/livox_ros_driver2/share/livox_ros_driver2/package.dsv'
[17.169s] INFO:colcon.colcon_core.shell:Creating package script '/home/kim/slam_ws/src/ws_livox/install/livox_ros_driver2/share/livox_ros_driver2/package.sh'
[17.169s] INFO:colcon.colcon_core.shell:Creating package script '/home/kim/slam_ws/src/ws_livox/install/livox_ros_driver2/share/livox_ros_driver2/package.bash'
[17.169s] INFO:colcon.colcon_core.shell:Creating package script '/home/kim/slam_ws/src/ws_livox/install/livox_ros_driver2/share/livox_ros_driver2/package.zsh'
[17.170s] Level 1:colcon.colcon_core.environment:create_file_with_runtime_dependencies(/home/kim/slam_ws/src/ws_livox/install/livox_ros_driver2/share/colcon-core/packages/livox_ros_driver2)
[17.170s] DEBUG:colcon.colcon_parallel_executor.executor.parallel:closing loop
[17.170s] DEBUG:colcon.colcon_parallel_executor.executor.parallel:loop closed
[17.170s] DEBUG:colcon.colcon_parallel_executor.executor.parallel:run_until_complete finished with '0'
[17.170s] DEBUG:colcon.colcon_core.event_reactor:joining thread
[17.176s] INFO:colcon.colcon_core.plugin_system:Skipping extension 'colcon_notification.desktop_notification.terminal_notifier': Not used on non-Darwin systems
[17.176s] INFO:colcon.colcon_core.plugin_system:Skipping extension 'colcon_notification.desktop_notification.win32': Not used on non-Windows systems
[17.176s] INFO:colcon.colcon_notification.desktop_notification:Sending desktop notification using 'notify2'
[17.191s] DEBUG:colcon.colcon_core.event_reactor:joined thread
[17.192s] INFO:colcon.colcon_core.shell:Creating prefix script '/home/kim/slam_ws/src/ws_livox/install/local_setup.ps1'
[17.193s] INFO:colcon.colcon_core.shell:Creating prefix util module '/home/kim/slam_ws/src/ws_livox/install/_local_setup_util_ps1.py'
[17.194s] INFO:colcon.colcon_core.shell:Creating prefix chain script '/home/kim/slam_ws/src/ws_livox/install/setup.ps1'
[17.199s] INFO:colcon.colcon_core.shell:Creating prefix script '/home/kim/slam_ws/src/ws_livox/install/local_setup.sh'
[17.200s] INFO:colcon.colcon_core.shell:Creating prefix util module '/home/kim/slam_ws/src/ws_livox/install/_local_setup_util_sh.py'
[17.201s] INFO:colcon.colcon_core.shell:Creating prefix chain script '/home/kim/slam_ws/src/ws_livox/install/setup.sh'
[17.202s] INFO:colcon.colcon_core.shell:Creating prefix script '/home/kim/slam_ws/src/ws_livox/install/local_setup.bash'
[17.202s] INFO:colcon.colcon_core.shell:Creating prefix chain script '/home/kim/slam_ws/src/ws_livox/install/setup.bash'
[17.203s] INFO:colcon.colcon_core.shell:Creating prefix script '/home/kim/slam_ws/src/ws_livox/install/local_setup.zsh'
[17.205s] INFO:colcon.colcon_core.shell:Creating prefix chain script '/home/kim/slam_ws/src/ws_livox/install/setup.zsh'
