[0.010s] Invoking command in '/home/kim/slam_ws/src/ws_livox/build/livox_ros_driver2': CMAKE_PREFIX_PATH=/opt/ros/humble /usr/bin/cmake /home/kim/slam_ws/src/ws_livox/src/livox_ros_driver2 -DROS_EDITION=ROS2 -DHUMBLE_ROS=humble -DCMAKE_INSTALL_PREFIX=/home/kim/slam_ws/src/ws_livox/install/livox_ros_driver2
[0.065s] -- The C compiler identification is GNU 11.4.0
[0.124s] -- The CXX compiler identification is GNU 11.4.0
[0.131s] -- Detecting C compiler ABI info
[0.199s] -- Detecting C compiler ABI info - done
[0.207s] -- Check for working C compiler: /usr/bin/cc - skipped
[0.207s] -- Detecting C compile features
[0.207s] -- Detecting C compile features - done
[0.210s] -- Detecting CXX compiler ABI info
[0.290s] -- Detecting CXX compiler ABI info - done
[0.298s] -- Check for working CXX compiler: /usr/bin/c++ - skipped
[0.298s] -- Detecting CXX compile features
[0.299s] -- Detecting CXX compile features - done
[0.300s] -- livox_ros_driver2 version: 1.2.4
[0.302s] -- Found ament_cmake_auto: 1.3.11 (/opt/ros/humble/share/ament_cmake_auto/cmake)
[0.450s] -- Found Python3: /usr/bin/python3 (found version "3.10.12") found components: Interpreter 
[0.603s] -- Using all available rosidl_typesupport_c: rosidl_typesupport_fastrtps_c;rosidl_typesupport_introspection_c
[0.610s] -- Found rosidl_adapter: 3.1.6 (/opt/ros/humble/share/rosidl_adapter/cmake)
[0.653s] -- Using all available rosidl_typesupport_cpp: rosidl_typesupport_fastrtps_cpp;rosidl_typesupport_introspection_cpp
[0.746s] -- Found rmw_implementation_cmake: 6.1.2 (/opt/ros/humble/share/rmw_implementation_cmake/cmake)
[0.749s] -- Found rmw_fastrtps_cpp: 6.2.7 (/opt/ros/humble/share/rmw_fastrtps_cpp/cmake)
[0.832s] -- Found OpenSSL: /usr/lib/x86_64-linux-gnu/libcrypto.so (found version "3.0.2")  
[0.857s] -- Found FastRTPS: /opt/ros/humble/include  
[0.894s] -- Using RMW implementation 'rmw_fastrtps_cpp' as default
[0.903s] -- Looking for pthread.h
[0.977s] -- Looking for pthread.h - found
[0.977s] -- Performing Test CMAKE_HAVE_LIBC_PTHREAD
[1.052s] -- Performing Test CMAKE_HAVE_LIBC_PTHREAD - Success
[1.053s] -- Found Threads: TRUE  
[1.220s] -- Checking for module 'eigen3'
[1.233s] --   Found eigen3, version 3.4.0
[1.265s] -- Found Eigen: /usr/include/eigen3 (Required is at least version "3.1") 
[1.265s] -- Eigen found (include: /usr/include/eigen3, version: 3.4.0)
[1.304s] -- Checking for module 'flann'
[1.316s] --   Found flann, version 1.9.1
[1.353s] -- Found FLANN: /usr/lib/x86_64-linux-gnu/libflann_cpp.so  
[1.353s] -- FLANN found (include: /usr/include, lib: /usr/lib/x86_64-linux-gnu/libflann_cpp.so)
[2.329s] -- Checking for module 'libusb-1.0'
[2.344s] --   Found libusb-1.0, version 1.0.25
[2.377s] -- Found libusb: /usr/lib/x86_64-linux-gnu/libusb-1.0.so  
[2.378s] -- OpenNI found (version: 1.5.4.0, include: /usr/include/ni, lib: /usr/lib/libOpenNI.so;libusb::libusb)
[2.430s] -- OpenNI2 found (version: 2.2.0.33, include: /usr/include/openni2, lib: /usr/lib/x86_64-linux-gnu/libOpenNI2.so;libusb::libusb)
[2.579s] -- Eigen found (include: /usr/include/eigen3, version: 3.4.0)
[2.585s] -- OpenNI found (version: 1.5.4.0, include: /usr/include/ni, lib: /usr/lib/libOpenNI.so;libusb::libusb)
[2.592s] -- OpenNI2 found (version: 2.2.0.33, include: /usr/include/openni2, lib: /usr/lib/x86_64-linux-gnu/libOpenNI2.so;libusb::libusb)
[2.729s] -- Found Qhull version 8.0.2
[2.872s] -- OpenNI found (version: 1.5.4.0, include: /usr/include/ni, lib: /usr/lib/libOpenNI.so;libusb::libusb)
[3.012s] -- Found PCL_COMMON: /usr/lib/x86_64-linux-gnu/libpcl_common.so  
[3.014s] -- Found PCL_KDTREE: /usr/lib/x86_64-linux-gnu/libpcl_kdtree.so  
[3.015s] -- Found PCL_OCTREE: /usr/lib/x86_64-linux-gnu/libpcl_octree.so  
[3.016s] -- Found PCL_SEARCH: /usr/lib/x86_64-linux-gnu/libpcl_search.so  
[3.017s] -- Found PCL_SAMPLE_CONSENSUS: /usr/lib/x86_64-linux-gnu/libpcl_sample_consensus.so  
[3.018s] -- Found PCL_FILTERS: /usr/lib/x86_64-linux-gnu/libpcl_filters.so  
[3.018s] -- Found PCL_2D: /usr/include/pcl-1.12  
[3.019s] -- Found PCL_GEOMETRY: /usr/include/pcl-1.12  
[3.019s] -- Found PCL_IO: /usr/lib/x86_64-linux-gnu/libpcl_io.so  
[3.020s] -- Found PCL_FEATURES: /usr/lib/x86_64-linux-gnu/libpcl_features.so  
[3.021s] -- Found PCL_ML: /usr/lib/x86_64-linux-gnu/libpcl_ml.so  
[3.022s] -- Found PCL_SEGMENTATION: /usr/lib/x86_64-linux-gnu/libpcl_segmentation.so  
[3.023s] -- Found PCL_VISUALIZATION: /usr/lib/x86_64-linux-gnu/libpcl_visualization.so  
[3.024s] -- Found PCL_SURFACE: /usr/lib/x86_64-linux-gnu/libpcl_surface.so  
[3.025s] -- Found PCL_REGISTRATION: /usr/lib/x86_64-linux-gnu/libpcl_registration.so  
[3.026s] -- Found PCL_KEYPOINTS: /usr/lib/x86_64-linux-gnu/libpcl_keypoints.so  
[3.027s] -- Found PCL_TRACKING: /usr/lib/x86_64-linux-gnu/libpcl_tracking.so  
[3.028s] -- Found PCL_RECOGNITION: /usr/lib/x86_64-linux-gnu/libpcl_recognition.so  
[3.029s] -- Found PCL_STEREO: /usr/lib/x86_64-linux-gnu/libpcl_stereo.so  
[3.030s] -- Found PCL_APPS: /usr/lib/x86_64-linux-gnu/libpcl_apps.so  
[3.030s] -- Found PCL_IN_HAND_SCANNER: /usr/include/pcl-1.12  
[3.031s] -- Found PCL_MODELER: /usr/include/pcl-1.12  
[3.032s] -- Found PCL_POINT_CLOUD_EDITOR: /usr/include/pcl-1.12  
[3.033s] -- Found PCL_OUTOFCORE: /usr/lib/x86_64-linux-gnu/libpcl_outofcore.so  
[3.034s] -- Found PCL_PEOPLE: /usr/lib/x86_64-linux-gnu/libpcl_people.so  
[3.077s] -- Found PkgConfig: /usr/bin/pkg-config (found version "0.29.2") 
[3.078s] -- Checking for module 'apr-1'
[3.081s] --   No package 'apr-1' found
[3.296s] -- Found ament_cmake_ros: 0.10.0 (/opt/ros/humble/share/ament_cmake_ros/cmake)
[3.516s] -- Using all available rosidl_typesupport_c: rosidl_typesupport_fastrtps_c;rosidl_typesupport_introspection_c
[3.804s] -- Using all available rosidl_typesupport_cpp: rosidl_typesupport_fastrtps_cpp;rosidl_typesupport_introspection_cpp
[3.827s] -- Found PythonInterp: /usr/bin/python3 (found suitable version "3.10.12", minimum required is "3.6") 
[3.828s] -- Found python_cmake_module: 0.10.0 (/opt/ros/humble/share/python_cmake_module/cmake)
[3.856s] -- Found PythonLibs: /usr/lib/x86_64-linux-gnu/libpython3.10.so (found suitable version "3.10.12", minimum required is "3.5") 
[3.856s] -- Using PYTHON_EXECUTABLE: /usr/bin/python3
[3.856s] -- Using PYTHON_INCLUDE_DIRS: /usr/include/python3.10
[3.856s] -- Using PYTHON_LIBRARIES: /usr/lib/x86_64-linux-gnu/libpython3.10.so
[3.878s] -- Found PythonExtra: .so  
[3.940s] -- Found ament_lint_auto: 0.12.11 (/opt/ros/humble/share/ament_lint_auto/cmake)
[3.965s] -- Added test 'copyright' to check source files copyright and LICENSE
[3.975s] -- Added test 'cppcheck' to perform static code analysis on C / C++ code
[3.976s] -- Configured cppcheck include dirs: /home/kim/slam_ws/src/ws_livox/src/livox_ros_driver2/3rdparty;/home/kim/slam_ws/src/ws_livox/src/livox_ros_driver2/src
[3.976s] -- Configured cppcheck exclude dirs and/or files: 
[3.983s] -- Added test 'cpplint' to check C / C++ code against the Google style
[3.983s] -- Configured cpplint exclude dirs and/or files: 
[3.984s] -- Added test 'flake8' to check Python code syntax and style conventions
[3.987s] -- Added test 'lint_cmake' to check CMake code style
[3.988s] -- Added test 'pep257' to check Python code against some of the docstring style conventions in PEP 257
[3.995s] -- Added test 'uncrustify' to check C / C++ code style
[3.995s] -- Configured uncrustify additional arguments: 
[3.997s] -- Added test 'xmllint' to check XML markup files
[4.000s] -- Configuring done
[4.104s] -- Generating done
[4.126s] -- Build files have been written to: /home/kim/slam_ws/src/ws_livox/build/livox_ros_driver2
[4.147s] Invoked command in '/home/kim/slam_ws/src/ws_livox/build/livox_ros_driver2' returned '0': CMAKE_PREFIX_PATH=/opt/ros/humble /usr/bin/cmake /home/kim/slam_ws/src/ws_livox/src/livox_ros_driver2 -DROS_EDITION=ROS2 -DHUMBLE_ROS=humble -DCMAKE_INSTALL_PREFIX=/home/kim/slam_ws/src/ws_livox/install/livox_ros_driver2
[4.149s] Invoking command in '/home/kim/slam_ws/src/ws_livox/build/livox_ros_driver2': CMAKE_PREFIX_PATH=/opt/ros/humble /usr/bin/cmake --build /home/kim/slam_ws/src/ws_livox/build/livox_ros_driver2 -- -j8 -l8
[4.193s] [  1%] [34m[1mGenerating C code for ROS interfaces[0m
[4.203s] [  5%] [32mBuilding CXX object CMakeFiles/livox_ros_driver2_node.dir/rclcpp_components/node_main_livox_ros_driver2_node.cpp.o[0m
[4.203s] [  5%] [34m[1mGenerating C++ code for ROS interfaces[0m
[4.211s] [  5%] Built target ament_cmake_python_copy_livox_ros_driver2
[4.469s] running egg_info
[4.470s] creating livox_ros_driver2.egg-info
[4.470s] writing livox_ros_driver2.egg-info/PKG-INFO
[4.470s] writing dependency_links to livox_ros_driver2.egg-info/dependency_links.txt
[4.471s] writing top-level names to livox_ros_driver2.egg-info/top_level.txt
[4.471s] writing manifest file 'livox_ros_driver2.egg-info/SOURCES.txt'
[4.473s] reading manifest file 'livox_ros_driver2.egg-info/SOURCES.txt'
[4.474s] writing manifest file 'livox_ros_driver2.egg-info/SOURCES.txt'
[4.504s] [  5%] Built target ament_cmake_python_build_livox_ros_driver2_egg
[4.686s] [  5%] Built target livox_interfaces2__cpp
[4.696s] [  7%] [34m[1mGenerating C++ type support for eProsima Fast-RTPS[0m
[4.697s] [  8%] [32mBuilding C object CMakeFiles/livox_interfaces2__rosidl_generator_c.dir/rosidl_generator_c/livox_ros_driver2/msg/detail/custom_msg__functions.c.o[0m
[4.699s] [ 12%] [34m[1mGenerating C++ type support dispatch for ROS interfaces[0m
[4.699s] [ 12%] [32mBuilding C object CMakeFiles/livox_interfaces2__rosidl_generator_c.dir/rosidl_generator_c/livox_ros_driver2/msg/detail/custom_point__functions.c.o[0m
[4.700s] [ 14%] [34m[1mGenerating C++ introspection for ROS interfaces[0m
[4.769s] [ 15%] [32m[1mLinking C shared library liblivox_ros_driver2__rosidl_generator_c.so[0m
[4.806s] [ 15%] Built target livox_interfaces2__rosidl_generator_c
[4.820s] [ 21%] [34m[1mGenerating C introspection for ROS interfaces[0m
[4.820s] [ 21%] [34m[1mGenerating C type support for eProsima Fast-RTPS[0m
[4.820s] [ 21%] [34m[1mGenerating C type support dispatch for ROS interfaces[0m
[5.112s] [ 24%] [32mBuilding CXX object CMakeFiles/livox_interfaces2__rosidl_typesupport_cpp.dir/rosidl_typesupport_cpp/livox_ros_driver2/msg/custom_msg__type_support.cpp.o[0m
[5.112s] [ 24%] [32mBuilding CXX object CMakeFiles/livox_interfaces2__rosidl_typesupport_cpp.dir/rosidl_typesupport_cpp/livox_ros_driver2/msg/custom_point__type_support.cpp.o[0m
[5.455s] [ 26%] [32mBuilding CXX object CMakeFiles/livox_interfaces2__rosidl_typesupport_introspection_cpp.dir/rosidl_typesupport_introspection_cpp/livox_ros_driver2/msg/detail/custom_point__type_support.cpp.o[0m
[5.490s] [ 28%] [32mBuilding CXX object CMakeFiles/livox_interfaces2__rosidl_typesupport_fastrtps_cpp.dir/rosidl_typesupport_fastrtps_cpp/livox_ros_driver2/msg/detail/dds_fastrtps/custom_point__type_support.cpp.o[0m
[5.519s] [ 29%] [32mBuilding CXX object CMakeFiles/livox_interfaces2__rosidl_typesupport_c.dir/rosidl_typesupport_c/livox_ros_driver2/msg/custom_point__type_support.cpp.o[0m
[5.540s] [ 31%] [32mBuilding CXX object CMakeFiles/livox_interfaces2__rosidl_typesupport_fastrtps_cpp.dir/rosidl_typesupport_fastrtps_cpp/livox_ros_driver2/msg/detail/dds_fastrtps/custom_msg__type_support.cpp.o[0m
[5.542s] [ 33%] [32m[1mLinking CXX shared library liblivox_ros_driver2__rosidl_typesupport_cpp.so[0m
[5.570s] [ 35%] [32mBuilding CXX object CMakeFiles/livox_interfaces2__rosidl_typesupport_c.dir/rosidl_typesupport_c/livox_ros_driver2/msg/custom_msg__type_support.cpp.o[0m
[5.602s] [ 35%] Built target livox_interfaces2__rosidl_typesupport_cpp
[5.602s] [ 36%] [32mBuilding C object CMakeFiles/livox_interfaces2__rosidl_typesupport_introspection_c.dir/rosidl_typesupport_introspection_c/livox_ros_driver2/msg/detail/custom_point__type_support.c.o[0m
[5.614s] [ 38%] [32mBuilding CXX object CMakeFiles/livox_interfaces2__rosidl_typesupport_introspection_cpp.dir/rosidl_typesupport_introspection_cpp/livox_ros_driver2/msg/detail/custom_msg__type_support.cpp.o[0m
[5.614s] [ 40%] [32m[1mLinking CXX shared library liblivox_ros_driver2__rosidl_typesupport_c.so[0m
[5.620s] [ 42%] [32mBuilding CXX object CMakeFiles/livox_interfaces2__rosidl_typesupport_fastrtps_c.dir/rosidl_typesupport_fastrtps_c/livox_ros_driver2/msg/detail/custom_point__type_support_c.cpp.o[0m
[5.657s] [ 43%] [32mBuilding C object CMakeFiles/livox_interfaces2__rosidl_typesupport_introspection_c.dir/rosidl_typesupport_introspection_c/livox_ros_driver2/msg/detail/custom_msg__type_support.c.o[0m
[5.683s] [ 43%] Built target livox_interfaces2__rosidl_typesupport_c
[5.694s] [ 45%] [32mBuilding CXX object CMakeFiles/livox_interfaces2__rosidl_typesupport_fastrtps_c.dir/rosidl_typesupport_fastrtps_c/livox_ros_driver2/msg/detail/custom_msg__type_support_c.cpp.o[0m
[5.718s] [ 47%] [32m[1mLinking C shared library liblivox_ros_driver2__rosidl_typesupport_introspection_c.so[0m
[5.764s] [ 47%] Built target livox_interfaces2__rosidl_typesupport_introspection_c
[5.794s] [ 49%] [32mBuilding CXX object CMakeFiles/livox_ros_driver2.dir/src/livox_ros_driver2.cpp.o[0m
[6.059s] [ 50%] [32mBuilding CXX object CMakeFiles/livox_ros_driver2.dir/src/lddc.cpp.o[0m
[6.131s] [ 52%] [32mBuilding CXX object CMakeFiles/livox_ros_driver2.dir/src/driver_node.cpp.o[0m
[6.164s] [ 54%] [32mBuilding CXX object CMakeFiles/livox_ros_driver2.dir/src/lds.cpp.o[0m
[6.250s] [ 56%] [32m[1mLinking CXX shared library liblivox_ros_driver2__rosidl_typesupport_fastrtps_cpp.so[0m
[6.263s] [ 57%] [32m[1mLinking CXX shared library liblivox_ros_driver2__rosidl_typesupport_fastrtps_c.so[0m
[6.297s] [ 59%] [32m[1mLinking CXX shared library liblivox_ros_driver2__rosidl_typesupport_introspection_cpp.so[0m
[6.370s] [ 59%] Built target livox_interfaces2__rosidl_typesupport_fastrtps_cpp
[6.383s] [ 61%] [32mBuilding CXX object CMakeFiles/livox_ros_driver2.dir/src/lds_lidar.cpp.o[0m
[6.390s] [ 61%] Built target livox_interfaces2__rosidl_typesupport_fastrtps_c
[6.402s] [ 63%] [32mBuilding CXX object CMakeFiles/livox_ros_driver2.dir/src/comm/comm.cpp.o[0m
[6.424s] [ 63%] Built target livox_interfaces2__rosidl_typesupport_introspection_cpp
[6.436s] [ 64%] [32mBuilding CXX object CMakeFiles/livox_ros_driver2.dir/src/comm/ldq.cpp.o[0m
[7.420s] [ 66%] [32mBuilding CXX object CMakeFiles/livox_ros_driver2.dir/src/comm/semaphore.cpp.o[0m
[7.448s] [ 68%] [32mBuilding CXX object CMakeFiles/livox_ros_driver2.dir/src/comm/lidar_imu_data_queue.cpp.o[0m
[7.450s] [ 68%] Built target livox_interfaces2
[7.463s] [ 70%] [32mBuilding CXX object CMakeFiles/livox_ros_driver2.dir/src/comm/cache_index.cpp.o[0m
[7.958s] [ 71%] [34m[1mGenerating Python code for ROS interfaces[0m
[8.003s] [ 73%] [32mBuilding CXX object CMakeFiles/livox_ros_driver2.dir/src/comm/pub_handler.cpp.o[0m
[8.020s] [ 75%] [32mBuilding CXX object CMakeFiles/livox_ros_driver2.dir/src/parse_cfg_file/parse_cfg_file.cpp.o[0m
[8.589s] [ 77%] [32mBuilding CXX object CMakeFiles/livox_ros_driver2.dir/src/parse_cfg_file/parse_livox_lidar_cfg.cpp.o[0m
[9.236s] [ 78%] [32m[1mLinking CXX executable livox_ros_driver2_node[0m
[9.319s] [ 78%] Built target livox_interfaces2__py
[9.331s] [ 80%] [32mBuilding CXX object CMakeFiles/livox_ros_driver2.dir/src/call_back/lidar_common_callback.cpp.o[0m
[9.375s] [ 82%] [32mBuilding C object CMakeFiles/livox_interfaces2__rosidl_generator_py.dir/rosidl_generator_py/livox_ros_driver2/msg/_custom_point_s.c.o[0m
[9.451s] [ 82%] Built target livox_ros_driver2_node
[9.463s] [ 84%] [32mBuilding C object CMakeFiles/livox_interfaces2__rosidl_generator_py.dir/rosidl_generator_py/livox_ros_driver2/msg/_custom_msg_s.c.o[0m
[9.570s] [ 85%] [32mBuilding CXX object CMakeFiles/livox_ros_driver2.dir/src/call_back/livox_lidar_callback.cpp.o[0m
[9.650s] [ 87%] [32m[1mLinking C shared library rosidl_generator_py/livox_ros_driver2/liblivox_interfaces2__rosidl_generator_py.so[0m
[9.712s] [ 87%] Built target livox_interfaces2__rosidl_generator_py
[9.740s] [ 89%] [32mBuilding C object CMakeFiles/livox_ros_driver2__rosidl_typesupport_fastrtps_c__pyext.dir/rosidl_generator_py/livox_ros_driver2/_livox_ros_driver2_s.ep.rosidl_typesupport_fastrtps_c.c.o[0m
[9.915s] [ 91%] [32m[1mLinking C shared library rosidl_generator_py/livox_ros_driver2/livox_ros_driver2_s__rosidl_typesupport_fastrtps_c.cpython-310-x86_64-linux-gnu.so[0m
[9.974s] [ 91%] Built target livox_ros_driver2__rosidl_typesupport_fastrtps_c__pyext
[10.003s] [ 92%] [32mBuilding C object CMakeFiles/livox_ros_driver2__rosidl_typesupport_introspection_c__pyext.dir/rosidl_generator_py/livox_ros_driver2/_livox_ros_driver2_s.ep.rosidl_typesupport_introspection_c.c.o[0m
[10.079s] [ 94%] [32mBuilding C object CMakeFiles/livox_ros_driver2__rosidl_typesupport_c__pyext.dir/rosidl_generator_py/livox_ros_driver2/_livox_ros_driver2_s.ep.rosidl_typesupport_c.c.o[0m
[10.178s] [ 96%] [32m[1mLinking C shared library rosidl_generator_py/livox_ros_driver2/livox_ros_driver2_s__rosidl_typesupport_introspection_c.cpython-310-x86_64-linux-gnu.so[0m
[10.235s] [ 96%] Built target livox_ros_driver2__rosidl_typesupport_introspection_c__pyext
[10.251s] [ 98%] [32m[1mLinking C shared library rosidl_generator_py/livox_ros_driver2/livox_ros_driver2_s__rosidl_typesupport_c.cpython-310-x86_64-linux-gnu.so[0m
[10.308s] [ 98%] Built target livox_ros_driver2__rosidl_typesupport_c__pyext
[15.758s] [100%] [32m[1mLinking CXX shared library liblivox_ros_driver2.so[0m
[16.579s] [100%] Built target livox_ros_driver2
[16.592s] Invoked command in '/home/kim/slam_ws/src/ws_livox/build/livox_ros_driver2' returned '0': CMAKE_PREFIX_PATH=/opt/ros/humble /usr/bin/cmake --build /home/kim/slam_ws/src/ws_livox/build/livox_ros_driver2 -- -j8 -l8
[16.602s] Invoking command in '/home/kim/slam_ws/src/ws_livox/build/livox_ros_driver2': CMAKE_PREFIX_PATH=/opt/ros/humble /usr/bin/cmake --install /home/kim/slam_ws/src/ws_livox/build/livox_ros_driver2
[16.610s] -- Install configuration: ""
[16.611s] -- Installing: /home/kim/slam_ws/src/ws_livox/install/livox_ros_driver2/share/ament_index/resource_index/rosidl_interfaces/livox_ros_driver2
[16.611s] -- Installing: /home/kim/slam_ws/src/ws_livox/install/livox_ros_driver2/include/livox_ros_driver2/livox_ros_driver2
[16.611s] -- Installing: /home/kim/slam_ws/src/ws_livox/install/livox_ros_driver2/include/livox_ros_driver2/livox_ros_driver2/msg
[16.611s] -- Installing: /home/kim/slam_ws/src/ws_livox/install/livox_ros_driver2/include/livox_ros_driver2/livox_ros_driver2/msg/custom_msg.h
[16.611s] -- Installing: /home/kim/slam_ws/src/ws_livox/install/livox_ros_driver2/include/livox_ros_driver2/livox_ros_driver2/msg/custom_point.h
[16.612s] -- Installing: /home/kim/slam_ws/src/ws_livox/install/livox_ros_driver2/include/livox_ros_driver2/livox_ros_driver2/msg/detail
[16.612s] -- Installing: /home/kim/slam_ws/src/ws_livox/install/livox_ros_driver2/include/livox_ros_driver2/livox_ros_driver2/msg/detail/custom_msg__struct.h
[16.612s] -- Installing: /home/kim/slam_ws/src/ws_livox/install/livox_ros_driver2/include/livox_ros_driver2/livox_ros_driver2/msg/detail/custom_msg__type_support.h
[16.612s] -- Installing: /home/kim/slam_ws/src/ws_livox/install/livox_ros_driver2/include/livox_ros_driver2/livox_ros_driver2/msg/detail/custom_msg__functions.c
[16.612s] -- Installing: /home/kim/slam_ws/src/ws_livox/install/livox_ros_driver2/include/livox_ros_driver2/livox_ros_driver2/msg/detail/custom_point__functions.c
[16.612s] -- Installing: /home/kim/slam_ws/src/ws_livox/install/livox_ros_driver2/include/livox_ros_driver2/livox_ros_driver2/msg/detail/custom_point__type_support.h
[16.612s] -- Installing: /home/kim/slam_ws/src/ws_livox/install/livox_ros_driver2/include/livox_ros_driver2/livox_ros_driver2/msg/detail/custom_msg__functions.h
[16.613s] -- Installing: /home/kim/slam_ws/src/ws_livox/install/livox_ros_driver2/include/livox_ros_driver2/livox_ros_driver2/msg/detail/custom_point__struct.h
[16.613s] -- Installing: /home/kim/slam_ws/src/ws_livox/install/livox_ros_driver2/include/livox_ros_driver2/livox_ros_driver2/msg/detail/custom_point__functions.h
[16.613s] -- Installing: /home/kim/slam_ws/src/ws_livox/install/livox_ros_driver2/include/livox_ros_driver2/livox_ros_driver2/msg/rosidl_generator_c__visibility_control.h
[16.613s] -- Installing: /home/kim/slam_ws/src/ws_livox/install/livox_ros_driver2/share/livox_ros_driver2/environment/library_path.sh
[16.613s] -- Installing: /home/kim/slam_ws/src/ws_livox/install/livox_ros_driver2/share/livox_ros_driver2/environment/library_path.dsv
[16.613s] -- Installing: /home/kim/slam_ws/src/ws_livox/install/livox_ros_driver2/lib/liblivox_ros_driver2__rosidl_generator_c.so
[16.613s] -- Set runtime path of "/home/kim/slam_ws/src/ws_livox/install/livox_ros_driver2/lib/liblivox_ros_driver2__rosidl_generator_c.so" to ""
[16.614s] -- Up-to-date: /home/kim/slam_ws/src/ws_livox/install/livox_ros_driver2/include/livox_ros_driver2/livox_ros_driver2
[16.614s] -- Up-to-date: /home/kim/slam_ws/src/ws_livox/install/livox_ros_driver2/include/livox_ros_driver2/livox_ros_driver2/msg
[16.614s] -- Up-to-date: /home/kim/slam_ws/src/ws_livox/install/livox_ros_driver2/include/livox_ros_driver2/livox_ros_driver2/msg/detail
[16.614s] -- Installing: /home/kim/slam_ws/src/ws_livox/install/livox_ros_driver2/include/livox_ros_driver2/livox_ros_driver2/msg/detail/custom_msg__rosidl_typesupport_fastrtps_c.h
[16.614s] -- Installing: /home/kim/slam_ws/src/ws_livox/install/livox_ros_driver2/include/livox_ros_driver2/livox_ros_driver2/msg/detail/custom_point__rosidl_typesupport_fastrtps_c.h
[16.614s] -- Installing: /home/kim/slam_ws/src/ws_livox/install/livox_ros_driver2/include/livox_ros_driver2/livox_ros_driver2/msg/rosidl_typesupport_fastrtps_c__visibility_control.h
[16.614s] -- Installing: /home/kim/slam_ws/src/ws_livox/install/livox_ros_driver2/lib/liblivox_ros_driver2__rosidl_typesupport_fastrtps_c.so
[16.615s] -- Set runtime path of "/home/kim/slam_ws/src/ws_livox/install/livox_ros_driver2/lib/liblivox_ros_driver2__rosidl_typesupport_fastrtps_c.so" to ""
[16.615s] -- Up-to-date: /home/kim/slam_ws/src/ws_livox/install/livox_ros_driver2/include/livox_ros_driver2/livox_ros_driver2
[16.615s] -- Up-to-date: /home/kim/slam_ws/src/ws_livox/install/livox_ros_driver2/include/livox_ros_driver2/livox_ros_driver2/msg
[16.615s] -- Up-to-date: /home/kim/slam_ws/src/ws_livox/install/livox_ros_driver2/include/livox_ros_driver2/livox_ros_driver2/msg/detail
[16.615s] -- Installing: /home/kim/slam_ws/src/ws_livox/install/livox_ros_driver2/include/livox_ros_driver2/livox_ros_driver2/msg/detail/custom_point__type_support.c
[16.615s] -- Installing: /home/kim/slam_ws/src/ws_livox/install/livox_ros_driver2/include/livox_ros_driver2/livox_ros_driver2/msg/detail/custom_point__rosidl_typesupport_introspection_c.h
[16.615s] -- Installing: /home/kim/slam_ws/src/ws_livox/install/livox_ros_driver2/include/livox_ros_driver2/livox_ros_driver2/msg/detail/custom_msg__rosidl_typesupport_introspection_c.h
[16.615s] -- Installing: /home/kim/slam_ws/src/ws_livox/install/livox_ros_driver2/include/livox_ros_driver2/livox_ros_driver2/msg/detail/custom_msg__type_support.c
[16.616s] -- Installing: /home/kim/slam_ws/src/ws_livox/install/livox_ros_driver2/include/livox_ros_driver2/livox_ros_driver2/msg/rosidl_typesupport_introspection_c__visibility_control.h
[16.616s] -- Installing: /home/kim/slam_ws/src/ws_livox/install/livox_ros_driver2/lib/liblivox_ros_driver2__rosidl_typesupport_introspection_c.so
[16.616s] -- Set runtime path of "/home/kim/slam_ws/src/ws_livox/install/livox_ros_driver2/lib/liblivox_ros_driver2__rosidl_typesupport_introspection_c.so" to ""
[16.616s] -- Installing: /home/kim/slam_ws/src/ws_livox/install/livox_ros_driver2/lib/liblivox_ros_driver2__rosidl_typesupport_c.so
[16.616s] -- Set runtime path of "/home/kim/slam_ws/src/ws_livox/install/livox_ros_driver2/lib/liblivox_ros_driver2__rosidl_typesupport_c.so" to ""
[16.616s] -- Up-to-date: /home/kim/slam_ws/src/ws_livox/install/livox_ros_driver2/include/livox_ros_driver2/livox_ros_driver2
[16.616s] -- Up-to-date: /home/kim/slam_ws/src/ws_livox/install/livox_ros_driver2/include/livox_ros_driver2/livox_ros_driver2/msg
[16.617s] -- Installing: /home/kim/slam_ws/src/ws_livox/install/livox_ros_driver2/include/livox_ros_driver2/livox_ros_driver2/msg/custom_point.hpp
[16.617s] -- Up-to-date: /home/kim/slam_ws/src/ws_livox/install/livox_ros_driver2/include/livox_ros_driver2/livox_ros_driver2/msg/detail
[16.617s] -- Installing: /home/kim/slam_ws/src/ws_livox/install/livox_ros_driver2/include/livox_ros_driver2/livox_ros_driver2/msg/detail/custom_point__struct.hpp
[16.617s] -- Installing: /home/kim/slam_ws/src/ws_livox/install/livox_ros_driver2/include/livox_ros_driver2/livox_ros_driver2/msg/detail/custom_msg__traits.hpp
[16.617s] -- Installing: /home/kim/slam_ws/src/ws_livox/install/livox_ros_driver2/include/livox_ros_driver2/livox_ros_driver2/msg/detail/custom_msg__struct.hpp
[16.617s] -- Installing: /home/kim/slam_ws/src/ws_livox/install/livox_ros_driver2/include/livox_ros_driver2/livox_ros_driver2/msg/detail/custom_msg__type_support.hpp
[16.617s] -- Installing: /home/kim/slam_ws/src/ws_livox/install/livox_ros_driver2/include/livox_ros_driver2/livox_ros_driver2/msg/detail/custom_point__traits.hpp
[16.618s] -- Installing: /home/kim/slam_ws/src/ws_livox/install/livox_ros_driver2/include/livox_ros_driver2/livox_ros_driver2/msg/detail/custom_msg__builder.hpp
[16.618s] -- Installing: /home/kim/slam_ws/src/ws_livox/install/livox_ros_driver2/include/livox_ros_driver2/livox_ros_driver2/msg/detail/custom_point__type_support.hpp
[16.618s] -- Installing: /home/kim/slam_ws/src/ws_livox/install/livox_ros_driver2/include/livox_ros_driver2/livox_ros_driver2/msg/detail/custom_point__builder.hpp
[16.618s] -- Installing: /home/kim/slam_ws/src/ws_livox/install/livox_ros_driver2/include/livox_ros_driver2/livox_ros_driver2/msg/custom_msg.hpp
[16.618s] -- Installing: /home/kim/slam_ws/src/ws_livox/install/livox_ros_driver2/include/livox_ros_driver2/livox_ros_driver2/msg/rosidl_generator_cpp__visibility_control.hpp
[16.618s] -- Up-to-date: /home/kim/slam_ws/src/ws_livox/install/livox_ros_driver2/include/livox_ros_driver2/livox_ros_driver2
[16.618s] -- Up-to-date: /home/kim/slam_ws/src/ws_livox/install/livox_ros_driver2/include/livox_ros_driver2/livox_ros_driver2/msg
[16.618s] -- Up-to-date: /home/kim/slam_ws/src/ws_livox/install/livox_ros_driver2/include/livox_ros_driver2/livox_ros_driver2/msg/detail
[16.619s] -- Installing: /home/kim/slam_ws/src/ws_livox/install/livox_ros_driver2/include/livox_ros_driver2/livox_ros_driver2/msg/detail/custom_point__rosidl_typesupport_fastrtps_cpp.hpp
[16.619s] -- Installing: /home/kim/slam_ws/src/ws_livox/install/livox_ros_driver2/include/livox_ros_driver2/livox_ros_driver2/msg/detail/dds_fastrtps
[16.619s] -- Installing: /home/kim/slam_ws/src/ws_livox/install/livox_ros_driver2/include/livox_ros_driver2/livox_ros_driver2/msg/detail/custom_msg__rosidl_typesupport_fastrtps_cpp.hpp
[16.619s] -- Installing: /home/kim/slam_ws/src/ws_livox/install/livox_ros_driver2/include/livox_ros_driver2/livox_ros_driver2/msg/rosidl_typesupport_fastrtps_cpp__visibility_control.h
[16.619s] -- Installing: /home/kim/slam_ws/src/ws_livox/install/livox_ros_driver2/lib/liblivox_ros_driver2__rosidl_typesupport_fastrtps_cpp.so
[16.619s] -- Set runtime path of "/home/kim/slam_ws/src/ws_livox/install/livox_ros_driver2/lib/liblivox_ros_driver2__rosidl_typesupport_fastrtps_cpp.so" to ""
[16.619s] -- Up-to-date: /home/kim/slam_ws/src/ws_livox/install/livox_ros_driver2/include/livox_ros_driver2/livox_ros_driver2
[16.619s] -- Up-to-date: /home/kim/slam_ws/src/ws_livox/install/livox_ros_driver2/include/livox_ros_driver2/livox_ros_driver2/msg
[16.620s] -- Up-to-date: /home/kim/slam_ws/src/ws_livox/install/livox_ros_driver2/include/livox_ros_driver2/livox_ros_driver2/msg/detail
[16.620s] -- Installing: /home/kim/slam_ws/src/ws_livox/install/livox_ros_driver2/include/livox_ros_driver2/livox_ros_driver2/msg/detail/custom_msg__type_support.cpp
[16.620s] -- Installing: /home/kim/slam_ws/src/ws_livox/install/livox_ros_driver2/include/livox_ros_driver2/livox_ros_driver2/msg/detail/custom_msg__rosidl_typesupport_introspection_cpp.hpp
[16.620s] -- Installing: /home/kim/slam_ws/src/ws_livox/install/livox_ros_driver2/include/livox_ros_driver2/livox_ros_driver2/msg/detail/custom_point__type_support.cpp
[16.620s] -- Installing: /home/kim/slam_ws/src/ws_livox/install/livox_ros_driver2/include/livox_ros_driver2/livox_ros_driver2/msg/detail/custom_point__rosidl_typesupport_introspection_cpp.hpp
[16.620s] -- Installing: /home/kim/slam_ws/src/ws_livox/install/livox_ros_driver2/lib/liblivox_ros_driver2__rosidl_typesupport_introspection_cpp.so
[16.620s] -- Set runtime path of "/home/kim/slam_ws/src/ws_livox/install/livox_ros_driver2/lib/liblivox_ros_driver2__rosidl_typesupport_introspection_cpp.so" to ""
[16.620s] -- Installing: /home/kim/slam_ws/src/ws_livox/install/livox_ros_driver2/lib/liblivox_ros_driver2__rosidl_typesupport_cpp.so
[16.621s] -- Set runtime path of "/home/kim/slam_ws/src/ws_livox/install/livox_ros_driver2/lib/liblivox_ros_driver2__rosidl_typesupport_cpp.so" to ""
[16.621s] -- Installing: /home/kim/slam_ws/src/ws_livox/install/livox_ros_driver2/share/livox_ros_driver2/environment/pythonpath.sh
[16.621s] -- Installing: /home/kim/slam_ws/src/ws_livox/install/livox_ros_driver2/share/livox_ros_driver2/environment/pythonpath.dsv
[16.621s] -- Installing: /home/kim/slam_ws/src/ws_livox/install/livox_ros_driver2/local/lib/python3.10/dist-packages/livox_ros_driver2-1.0.0-py3.10.egg-info
[16.621s] -- Installing: /home/kim/slam_ws/src/ws_livox/install/livox_ros_driver2/local/lib/python3.10/dist-packages/livox_ros_driver2-1.0.0-py3.10.egg-info/SOURCES.txt
[16.621s] -- Installing: /home/kim/slam_ws/src/ws_livox/install/livox_ros_driver2/local/lib/python3.10/dist-packages/livox_ros_driver2-1.0.0-py3.10.egg-info/top_level.txt
[16.621s] -- Installing: /home/kim/slam_ws/src/ws_livox/install/livox_ros_driver2/local/lib/python3.10/dist-packages/livox_ros_driver2-1.0.0-py3.10.egg-info/PKG-INFO
[16.621s] -- Installing: /home/kim/slam_ws/src/ws_livox/install/livox_ros_driver2/local/lib/python3.10/dist-packages/livox_ros_driver2-1.0.0-py3.10.egg-info/dependency_links.txt
[16.622s] -- Installing: /home/kim/slam_ws/src/ws_livox/install/livox_ros_driver2/local/lib/python3.10/dist-packages/livox_ros_driver2
[16.622s] -- Installing: /home/kim/slam_ws/src/ws_livox/install/livox_ros_driver2/local/lib/python3.10/dist-packages/livox_ros_driver2/__init__.py
[16.622s] -- Installing: /home/kim/slam_ws/src/ws_livox/install/livox_ros_driver2/local/lib/python3.10/dist-packages/livox_ros_driver2/livox_ros_driver2_s__rosidl_typesupport_introspection_c.cpython-310-x86_64-linux-gnu.so
[16.622s] -- Installing: /home/kim/slam_ws/src/ws_livox/install/livox_ros_driver2/local/lib/python3.10/dist-packages/livox_ros_driver2/_livox_ros_driver2_s.ep.rosidl_typesupport_introspection_c.c
[16.622s] -- Installing: /home/kim/slam_ws/src/ws_livox/install/livox_ros_driver2/local/lib/python3.10/dist-packages/livox_ros_driver2/livox_ros_driver2_s__rosidl_typesupport_fastrtps_c.cpython-310-x86_64-linux-gnu.so
[16.622s] -- Installing: /home/kim/slam_ws/src/ws_livox/install/livox_ros_driver2/local/lib/python3.10/dist-packages/livox_ros_driver2/msg
[16.622s] -- Installing: /home/kim/slam_ws/src/ws_livox/install/livox_ros_driver2/local/lib/python3.10/dist-packages/livox_ros_driver2/msg/_custom_msg.py
[16.622s] -- Installing: /home/kim/slam_ws/src/ws_livox/install/livox_ros_driver2/local/lib/python3.10/dist-packages/livox_ros_driver2/msg/_custom_msg_s.c
[16.623s] -- Installing: /home/kim/slam_ws/src/ws_livox/install/livox_ros_driver2/local/lib/python3.10/dist-packages/livox_ros_driver2/msg/_custom_point_s.c
[16.623s] -- Installing: /home/kim/slam_ws/src/ws_livox/install/livox_ros_driver2/local/lib/python3.10/dist-packages/livox_ros_driver2/msg/__init__.py
[16.623s] -- Installing: /home/kim/slam_ws/src/ws_livox/install/livox_ros_driver2/local/lib/python3.10/dist-packages/livox_ros_driver2/msg/_custom_point.py
[16.623s] -- Installing: /home/kim/slam_ws/src/ws_livox/install/livox_ros_driver2/local/lib/python3.10/dist-packages/livox_ros_driver2/liblivox_interfaces2__rosidl_generator_py.so
[16.623s] -- Installing: /home/kim/slam_ws/src/ws_livox/install/livox_ros_driver2/local/lib/python3.10/dist-packages/livox_ros_driver2/livox_ros_driver2_s__rosidl_typesupport_c.cpython-310-x86_64-linux-gnu.so
[16.623s] -- Installing: /home/kim/slam_ws/src/ws_livox/install/livox_ros_driver2/local/lib/python3.10/dist-packages/livox_ros_driver2/_livox_ros_driver2_s.ep.rosidl_typesupport_fastrtps_c.c
[16.623s] -- Installing: /home/kim/slam_ws/src/ws_livox/install/livox_ros_driver2/local/lib/python3.10/dist-packages/livox_ros_driver2/_livox_ros_driver2_s.ep.rosidl_typesupport_c.c
[16.656s] Listing '/home/kim/slam_ws/src/ws_livox/install/livox_ros_driver2/local/lib/python3.10/dist-packages/livox_ros_driver2'...
[16.656s] Compiling '/home/kim/slam_ws/src/ws_livox/install/livox_ros_driver2/local/lib/python3.10/dist-packages/livox_ros_driver2/__init__.py'...
[16.656s] Listing '/home/kim/slam_ws/src/ws_livox/install/livox_ros_driver2/local/lib/python3.10/dist-packages/livox_ros_driver2/msg'...
[16.656s] Compiling '/home/kim/slam_ws/src/ws_livox/install/livox_ros_driver2/local/lib/python3.10/dist-packages/livox_ros_driver2/msg/__init__.py'...
[16.656s] Compiling '/home/kim/slam_ws/src/ws_livox/install/livox_ros_driver2/local/lib/python3.10/dist-packages/livox_ros_driver2/msg/_custom_msg.py'...
[16.656s] Compiling '/home/kim/slam_ws/src/ws_livox/install/livox_ros_driver2/local/lib/python3.10/dist-packages/livox_ros_driver2/msg/_custom_point.py'...
[16.661s] -- Installing: /home/kim/slam_ws/src/ws_livox/install/livox_ros_driver2/local/lib/python3.10/dist-packages/livox_ros_driver2/livox_ros_driver2_s__rosidl_typesupport_fastrtps_c.cpython-310-x86_64-linux-gnu.so
[16.661s] -- Set runtime path of "/home/kim/slam_ws/src/ws_livox/install/livox_ros_driver2/local/lib/python3.10/dist-packages/livox_ros_driver2/livox_ros_driver2_s__rosidl_typesupport_fastrtps_c.cpython-310-x86_64-linux-gnu.so" to ""
[16.662s] -- Installing: /home/kim/slam_ws/src/ws_livox/install/livox_ros_driver2/local/lib/python3.10/dist-packages/livox_ros_driver2/livox_ros_driver2_s__rosidl_typesupport_introspection_c.cpython-310-x86_64-linux-gnu.so
[16.662s] -- Set runtime path of "/home/kim/slam_ws/src/ws_livox/install/livox_ros_driver2/local/lib/python3.10/dist-packages/livox_ros_driver2/livox_ros_driver2_s__rosidl_typesupport_introspection_c.cpython-310-x86_64-linux-gnu.so" to ""
[16.662s] -- Installing: /home/kim/slam_ws/src/ws_livox/install/livox_ros_driver2/local/lib/python3.10/dist-packages/livox_ros_driver2/livox_ros_driver2_s__rosidl_typesupport_c.cpython-310-x86_64-linux-gnu.so
[16.663s] -- Set runtime path of "/home/kim/slam_ws/src/ws_livox/install/livox_ros_driver2/local/lib/python3.10/dist-packages/livox_ros_driver2/livox_ros_driver2_s__rosidl_typesupport_c.cpython-310-x86_64-linux-gnu.so" to ""
[16.663s] -- Installing: /home/kim/slam_ws/src/ws_livox/install/livox_ros_driver2/lib/liblivox_interfaces2__rosidl_generator_py.so
[16.663s] -- Set runtime path of "/home/kim/slam_ws/src/ws_livox/install/livox_ros_driver2/lib/liblivox_interfaces2__rosidl_generator_py.so" to ""
[16.664s] -- Installing: /home/kim/slam_ws/src/ws_livox/install/livox_ros_driver2/share/livox_ros_driver2/msg/CustomPoint.idl
[16.664s] -- Installing: /home/kim/slam_ws/src/ws_livox/install/livox_ros_driver2/share/livox_ros_driver2/msg/CustomMsg.idl
[16.664s] -- Installing: /home/kim/slam_ws/src/ws_livox/install/livox_ros_driver2/share/livox_ros_driver2/msg/CustomPoint.msg
[16.664s] -- Installing: /home/kim/slam_ws/src/ws_livox/install/livox_ros_driver2/share/livox_ros_driver2/msg/CustomMsg.msg
[16.664s] -- Installing: /home/kim/slam_ws/src/ws_livox/install/livox_ros_driver2/lib/livox_ros_driver2/livox_ros_driver2_node
[16.665s] -- Set runtime path of "/home/kim/slam_ws/src/ws_livox/install/livox_ros_driver2/lib/livox_ros_driver2/livox_ros_driver2_node" to ""
[16.665s] -- Installing: /home/kim/slam_ws/src/ws_livox/install/livox_ros_driver2/lib/liblivox_ros_driver2.so
[16.669s] -- Set runtime path of "/home/kim/slam_ws/src/ws_livox/install/livox_ros_driver2/lib/liblivox_ros_driver2.so" to ""
[16.669s] -- Installing: /home/kim/slam_ws/src/ws_livox/install/livox_ros_driver2/share/livox_ros_driver2/config
[16.669s] -- Installing: /home/kim/slam_ws/src/ws_livox/install/livox_ros_driver2/share/livox_ros_driver2/config/display_point_cloud_ROS2.rviz
[16.669s] -- Installing: /home/kim/slam_ws/src/ws_livox/install/livox_ros_driver2/share/livox_ros_driver2/config/display_point_cloud_ROS1.rviz
[16.669s] -- Installing: /home/kim/slam_ws/src/ws_livox/install/livox_ros_driver2/share/livox_ros_driver2/config/mixed_HAP_MID360_config.json
[16.669s] -- Installing: /home/kim/slam_ws/src/ws_livox/install/livox_ros_driver2/share/livox_ros_driver2/config/HAP_config.json
[16.670s] -- Installing: /home/kim/slam_ws/src/ws_livox/install/livox_ros_driver2/share/livox_ros_driver2/config/MID360_config.json
[16.670s] -- Installing: /home/kim/slam_ws/src/ws_livox/install/livox_ros_driver2/share/livox_ros_driver2/launch_ROS2
[16.670s] -- Installing: /home/kim/slam_ws/src/ws_livox/install/livox_ros_driver2/share/livox_ros_driver2/launch_ROS2/rviz_mixed.py
[16.670s] -- Installing: /home/kim/slam_ws/src/ws_livox/install/livox_ros_driver2/share/livox_ros_driver2/launch_ROS2/msg_HAP_launch.py
[16.671s] -- Installing: /home/kim/slam_ws/src/ws_livox/install/livox_ros_driver2/share/livox_ros_driver2/launch_ROS2/msg_MID360_launch.py
[16.671s] -- Installing: /home/kim/slam_ws/src/ws_livox/install/livox_ros_driver2/share/livox_ros_driver2/launch_ROS2/rviz_MID360_launch.py
[16.671s] -- Installing: /home/kim/slam_ws/src/ws_livox/install/livox_ros_driver2/share/livox_ros_driver2/launch_ROS2/rviz_HAP_launch.py
[16.671s] -- Installing: /home/kim/slam_ws/src/ws_livox/install/livox_ros_driver2/share/ament_index/resource_index/package_run_dependencies/livox_ros_driver2
[16.671s] -- Installing: /home/kim/slam_ws/src/ws_livox/install/livox_ros_driver2/share/ament_index/resource_index/parent_prefix_path/livox_ros_driver2
[16.671s] -- Installing: /home/kim/slam_ws/src/ws_livox/install/livox_ros_driver2/share/livox_ros_driver2/environment/ament_prefix_path.sh
[16.672s] -- Installing: /home/kim/slam_ws/src/ws_livox/install/livox_ros_driver2/share/livox_ros_driver2/environment/ament_prefix_path.dsv
[16.672s] -- Installing: /home/kim/slam_ws/src/ws_livox/install/livox_ros_driver2/share/livox_ros_driver2/environment/path.sh
[16.672s] -- Installing: /home/kim/slam_ws/src/ws_livox/install/livox_ros_driver2/share/livox_ros_driver2/environment/path.dsv
[16.672s] -- Installing: /home/kim/slam_ws/src/ws_livox/install/livox_ros_driver2/share/livox_ros_driver2/local_setup.bash
[16.672s] -- Installing: /home/kim/slam_ws/src/ws_livox/install/livox_ros_driver2/share/livox_ros_driver2/local_setup.sh
[16.672s] -- Installing: /home/kim/slam_ws/src/ws_livox/install/livox_ros_driver2/share/livox_ros_driver2/local_setup.zsh
[16.673s] -- Installing: /home/kim/slam_ws/src/ws_livox/install/livox_ros_driver2/share/livox_ros_driver2/local_setup.dsv
[16.673s] -- Installing: /home/kim/slam_ws/src/ws_livox/install/livox_ros_driver2/share/livox_ros_driver2/package.dsv
[16.673s] -- Installing: /home/kim/slam_ws/src/ws_livox/install/livox_ros_driver2/share/ament_index/resource_index/packages/livox_ros_driver2
[16.673s] -- Installing: /home/kim/slam_ws/src/ws_livox/install/livox_ros_driver2/share/livox_ros_driver2/cmake/export_livox_interfaces2__rosidl_generator_cExport.cmake
[16.673s] -- Installing: /home/kim/slam_ws/src/ws_livox/install/livox_ros_driver2/share/livox_ros_driver2/cmake/export_livox_interfaces2__rosidl_generator_cExport-noconfig.cmake
[16.673s] -- Installing: /home/kim/slam_ws/src/ws_livox/install/livox_ros_driver2/share/livox_ros_driver2/cmake/export_livox_interfaces2__rosidl_typesupport_fastrtps_cExport.cmake
[16.674s] -- Installing: /home/kim/slam_ws/src/ws_livox/install/livox_ros_driver2/share/livox_ros_driver2/cmake/export_livox_interfaces2__rosidl_typesupport_fastrtps_cExport-noconfig.cmake
[16.674s] -- Installing: /home/kim/slam_ws/src/ws_livox/install/livox_ros_driver2/share/livox_ros_driver2/cmake/livox_interfaces2__rosidl_typesupport_introspection_cExport.cmake
[16.674s] -- Installing: /home/kim/slam_ws/src/ws_livox/install/livox_ros_driver2/share/livox_ros_driver2/cmake/livox_interfaces2__rosidl_typesupport_introspection_cExport-noconfig.cmake
[16.674s] -- Installing: /home/kim/slam_ws/src/ws_livox/install/livox_ros_driver2/share/livox_ros_driver2/cmake/livox_interfaces2__rosidl_typesupport_cExport.cmake
[16.674s] -- Installing: /home/kim/slam_ws/src/ws_livox/install/livox_ros_driver2/share/livox_ros_driver2/cmake/livox_interfaces2__rosidl_typesupport_cExport-noconfig.cmake
[16.675s] -- Installing: /home/kim/slam_ws/src/ws_livox/install/livox_ros_driver2/share/livox_ros_driver2/cmake/export_livox_interfaces2__rosidl_generator_cppExport.cmake
[16.675s] -- Installing: /home/kim/slam_ws/src/ws_livox/install/livox_ros_driver2/share/livox_ros_driver2/cmake/export_livox_interfaces2__rosidl_typesupport_fastrtps_cppExport.cmake
[16.675s] -- Installing: /home/kim/slam_ws/src/ws_livox/install/livox_ros_driver2/share/livox_ros_driver2/cmake/export_livox_interfaces2__rosidl_typesupport_fastrtps_cppExport-noconfig.cmake
[16.675s] -- Installing: /home/kim/slam_ws/src/ws_livox/install/livox_ros_driver2/share/livox_ros_driver2/cmake/livox_interfaces2__rosidl_typesupport_introspection_cppExport.cmake
[16.675s] -- Installing: /home/kim/slam_ws/src/ws_livox/install/livox_ros_driver2/share/livox_ros_driver2/cmake/livox_interfaces2__rosidl_typesupport_introspection_cppExport-noconfig.cmake
[16.676s] -- Installing: /home/kim/slam_ws/src/ws_livox/install/livox_ros_driver2/share/livox_ros_driver2/cmake/livox_interfaces2__rosidl_typesupport_cppExport.cmake
[16.676s] -- Installing: /home/kim/slam_ws/src/ws_livox/install/livox_ros_driver2/share/livox_ros_driver2/cmake/livox_interfaces2__rosidl_typesupport_cppExport-noconfig.cmake
[16.676s] -- Installing: /home/kim/slam_ws/src/ws_livox/install/livox_ros_driver2/share/livox_ros_driver2/cmake/export_livox_interfaces2__rosidl_generator_pyExport.cmake
[16.676s] -- Installing: /home/kim/slam_ws/src/ws_livox/install/livox_ros_driver2/share/livox_ros_driver2/cmake/export_livox_interfaces2__rosidl_generator_pyExport-noconfig.cmake
[16.676s] -- Installing: /home/kim/slam_ws/src/ws_livox/install/livox_ros_driver2/share/ament_index/resource_index/rclcpp_components/livox_ros_driver2
[16.677s] -- Installing: /home/kim/slam_ws/src/ws_livox/install/livox_ros_driver2/share/livox_ros_driver2/cmake/rosidl_cmake-extras.cmake
[16.677s] -- Installing: /home/kim/slam_ws/src/ws_livox/install/livox_ros_driver2/share/livox_ros_driver2/cmake/ament_cmake_export_dependencies-extras.cmake
[16.677s] -- Installing: /home/kim/slam_ws/src/ws_livox/install/livox_ros_driver2/share/livox_ros_driver2/cmake/ament_cmake_export_include_directories-extras.cmake
[16.677s] -- Installing: /home/kim/slam_ws/src/ws_livox/install/livox_ros_driver2/share/livox_ros_driver2/cmake/ament_cmake_export_libraries-extras.cmake
[16.677s] -- Installing: /home/kim/slam_ws/src/ws_livox/install/livox_ros_driver2/share/livox_ros_driver2/cmake/ament_cmake_export_targets-extras.cmake
[16.677s] -- Installing: /home/kim/slam_ws/src/ws_livox/install/livox_ros_driver2/share/livox_ros_driver2/cmake/rosidl_cmake_export_typesupport_targets-extras.cmake
[16.678s] -- Installing: /home/kim/slam_ws/src/ws_livox/install/livox_ros_driver2/share/livox_ros_driver2/cmake/rosidl_cmake_export_typesupport_libraries-extras.cmake
[16.678s] -- Installing: /home/kim/slam_ws/src/ws_livox/install/livox_ros_driver2/share/livox_ros_driver2/cmake/livox_ros_driver2Config.cmake
[16.678s] -- Installing: /home/kim/slam_ws/src/ws_livox/install/livox_ros_driver2/share/livox_ros_driver2/cmake/livox_ros_driver2Config-version.cmake
[16.678s] -- Installing: /home/kim/slam_ws/src/ws_livox/install/livox_ros_driver2/share/livox_ros_driver2/package.xml
[16.681s] Invoked command in '/home/kim/slam_ws/src/ws_livox/build/livox_ros_driver2' returned '0': CMAKE_PREFIX_PATH=/opt/ros/humble /usr/bin/cmake --install /home/kim/slam_ws/src/ws_livox/build/livox_ros_driver2
